<?xml version="1.0" encoding="UTF-8"?>
<!-- Generated by org.testng.reporters.JUnitReportReporter -->
<testsuite ignored="0" hostname="DESKTOP-NCRGUPU" failures="0" tests="2" name="com.testng.exceptions.ExpectedExceptionTest" time="0.023" errors="0" timestamp="01 11月 2020 15:08:22 GMT" skipped="0">
  <testcase classname="com.testng.exceptions.ExpectedExceptionTest" name="testPrintMessage" time="0.020"/>
  <testcase classname="com.testng.exceptions.ExpectedExceptionTest" name="testSalutationMessage" time="0.003"/>
</testsuite> <!-- com.testng.exceptions.ExpectedExceptionTest -->
