<?xml version="1.0" encoding="UTF-8"?>
<!-- Generated by org.testng.reporters.JUnitReportReporter -->
<testsuite ignored="1" hostname="DESKTOP-NCRGUPU" failures="0" tests="1" name="com.testng.suitetest.Test1" time="0.023" errors="0" timestamp="01 11月 2020 09:52:29 GMT" skipped="0">
  <testcase classname="com.testng.suitetest.Test1" name="testPringMessage" time="0.023"/>
  <testcase classname="com.testng.suitetest.Test2" name="testSalutationMessage">
    <skipped/>
  </testcase> <!-- testSalutationMessage -->
</testsuite> <!-- com.testng.suitetest.Test1 -->
