<?xml version="1.0" encoding="UTF-8"?>
<!-- Generated by org.testng.reporters.JUnitReportReporter -->
<testsuite ignored="1" hostname="DESKTOP-NCRGUPU" failures="0" tests="2" name="com.testng.zutest.GroupTestExample" time="0.019" errors="0" timestamp="01 11月 2020 14:53:11 GMT" skipped="0">
  <testcase classname="com.testng.zutest.GroupTestExample" name="testPrintMessage" time="0.018"/>
  <testcase classname="com.testng.zutest.GroupTestExample" name="testSalutationMessage" time="0.001"/>
  <testcase classname="com.testng.zutest.GroupTestExample" name="testingExitMessage">
    <skipped/>
  </testcase> <!-- testingExitMessage -->
</testsuite> <!-- com.testng.zutest.GroupTestExample -->
